<?xml version="1.0" encoding="UTF-8"?>
<testng-results ignored="0" total="1" passed="1" failed="0" skipped="0">
  <reporter-output>
  </reporter-output>
  <suite started-at="2022-06-22T12:22:53 IST" name="Suite" finished-at="2022-06-22T12:22:58 IST" duration-ms="4365">
    <groups>
    </groups>
    <test started-at="2022-06-22T12:22:53 IST" name="Test" finished-at="2022-06-22T12:22:58 IST" duration-ms="4365">
      <class name="Vtest.Demo.Login">
        <test-method signature="launch()[pri:0, instance:Vtest.Demo.Login@4a7f959b]" started-at="2022-06-22T12:22:53 IST" name="launch" finished-at="2022-06-22T12:22:58 IST" duration-ms="4309" status="PASS">
          <reporter-output>
          </reporter-output>
        </test-method> <!-- launch -->
      </class> <!-- Vtest.Demo.Login -->
    </test> <!-- Test -->
  </suite> <!-- Suite -->
</testng-results>
